time="2021-04-16 13:34:02" level=error Agent=PostmanRuntime/7.26.10 HostName=peterliang-tm1701 Method=POST SpendTime="1569 ms" dataSize=15 ip="::1" path="/v1/api/verify?email=2107917115@qq.com" status=500
time="2021-04-16 13:36:05" level=info Agent=PostmanRuntime/7.26.10 HostName=peterliang-tm1701 Method=POST SpendTime="444 ms" dataSize=16 ip="::1" path="/v1/api/verify?email=2107917115@qq.com" status=200
time="2021-04-16 13:38:05" level=warning Agent=PostmanRuntime/7.26.10 HostName=peterliang-tm1701 Method=POST SpendTime="13 ms" dataSize=54 ip="::1" path=/v1/api/registry status=400
time="2021-04-16 13:38:12" level=warning Agent=PostmanRuntime/7.26.10 HostName=peterliang-tm1701 Method=POST SpendTime="1 ms" dataSize=54 ip="::1" path=/v1/api/registry status=400
time="2021-04-16 16:57:09" level=info Agent=PostmanRuntime/7.26.10 HostName=peterliang-tm1701 Method=POST SpendTime="4119 ms" dataSize=16 ip="::1" path="/v1/api/verify?email=2107917115@qq.com" status=200
time="2021-04-16 16:57:58" level=warning Agent=PostmanRuntime/7.26.10 HostName=peterliang-tm1701 Method=POST SpendTime="1 ms" dataSize=54 ip="::1" path=/v1/api/registry status=400
time="2021-04-16 16:58:52" level=error Agent=PostmanRuntime/7.26.10 HostName=peterliang-tm1701 Method=POST SpendTime="157 ms" dataSize=38 ip="::1" path=/v1/api/registry status=500
time="2021-04-16 17:03:25" level=warning Agent=PostmanRuntime/7.26.10 HostName=peterliang-tm1701 Method=POST SpendTime="2 ms" dataSize=54 ip="::1" path=/v1/api/registry status=400
time="2021-04-16 17:03:37" level=info Agent=PostmanRuntime/7.26.10 HostName=peterliang-tm1701 Method=POST SpendTime="2633 ms" dataSize=16 ip="::1" path="/v1/api/verify?email=2107917115@qq.com" status=200
time="2021-04-16 17:03:49" level=error Agent=PostmanRuntime/7.26.10 HostName=peterliang-tm1701 Method=POST SpendTime="132 ms" dataSize=38 ip="::1" path=/v1/api/registry status=500
time="2021-04-16 17:05:06" level=info Agent=PostmanRuntime/7.26.10 HostName=peterliang-tm1701 Method=POST SpendTime="161 ms" dataSize=38 ip="::1" path=/v1/api/registry status=200
time="2021-04-16 17:06:43" level=info Agent=PostmanRuntime/7.26.10 HostName=peterliang-tm1701 Method=POST SpendTime="7683 ms" dataSize=16 ip="::1" path="/v1/api/verify?email=2107917115@qq.com" status=200
time="2021-04-16 17:07:05" level=info Agent=PostmanRuntime/7.26.10 HostName=peterliang-tm1701 Method=POST SpendTime="1686 ms" dataSize=16 ip="::1" path="/v1/api/verify?email=2107917115@qq.com" status=200
time="2021-04-16 17:08:58" level=info Agent=PostmanRuntime/7.26.10 HostName=peterliang-tm1701 Method=POST SpendTime="166 ms" dataSize=38 ip="::1" path=/v1/api/registry status=200
time="2021-04-16 17:09:39" level=info Agent=PostmanRuntime/7.26.10 HostName=peterliang-tm1701 Method=POST SpendTime="141 ms" dataSize=210 ip="::1" path=/v1/api/login status=200
time="2021-04-16 17:09:47" level=warning Agent=PostmanRuntime/7.26.10 HostName=peterliang-tm1701 Method=POST SpendTime="144 ms" dataSize=51 ip="::1" path=/v1/api/login status=400
time="2021-04-16 17:17:59" level=info Agent=PostmanRuntime/7.26.10 HostName=peterliang-tm1701 Method=DELETE SpendTime="0 ms" dataSize=35 ip="::1" path="/v1/api/user/logout?email=2107917115@qq.com" status=200
time="2021-04-16 17:18:10" level=warning Agent=PostmanRuntime/7.26.10 HostName=peterliang-tm1701 Method=POST SpendTime="176 ms" dataSize=51 ip="::1" path=/v1/api/login status=400
time="2021-04-16 17:18:15" level=info Agent=PostmanRuntime/7.26.10 HostName=peterliang-tm1701 Method=POST SpendTime="215 ms" dataSize=210 ip="::1" path=/v1/api/login status=200
time="2021-04-16 17:18:36" level=info Agent=PostmanRuntime/7.26.10 HostName=peterliang-tm1701 Method=DELETE SpendTime="0 ms" dataSize=35 ip="::1" path="/v1/api/user/logout?email=2107917115@qq.com" status=200
time="2021-04-16 17:21:25" level=info Agent=PostmanRuntime/7.26.10 HostName=peterliang-tm1701 Method=DELETE SpendTime="0 ms" dataSize=35 ip="::1" path="/v1/api/user/logout?email=2107917115@qq.com" status=200
time="2021-04-16 17:25:39" level=info Agent=PostmanRuntime/7.26.10 HostName=peterliang-tm1701 Method=DELETE SpendTime="0 ms" dataSize=38 ip="::1" path="/v1/api/user/logout?email=2107917115@qq.com" status=200
time="2021-04-16 17:33:57" level=info Agent=PostmanRuntime/7.26.10 HostName=peterliang-tm1701 Method=GET SpendTime="0 ms" dataSize=35 ip="::1" path=/v1/api/user/info status=200
time="2021-04-16 19:15:41" level=info Agent=PostmanRuntime/7.26.10 HostName=peterliang-tm1701 Method=POST SpendTime="175 ms" dataSize=210 ip="::1" path=/v1/api/login status=200
time="2021-04-16 19:16:09" level=info Agent=PostmanRuntime/7.26.10 HostName=peterliang-tm1701 Method=GET SpendTime="1 ms" dataSize=99 ip="::1" path=/v1/api/user/info status=200
time="2021-04-16 19:16:45" level=info Agent=PostmanRuntime/7.26.10 HostName=peterliang-tm1701 Method=DELETE SpendTime="0 ms" dataSize=38 ip="::1" path="/v1/api/user/logout?email=2107917115@qq.com" status=200
time="2021-04-16 19:16:50" level=info Agent=PostmanRuntime/7.26.10 HostName=peterliang-tm1701 Method=GET SpendTime="0 ms" dataSize=35 ip="::1" path=/v1/api/user/info status=200
